<?xml version="1.0" encoding="UTF-8"?>
<!-- Generated by org.testng.reporters.JUnitReportReporter -->
<testsuite skipped="0" hostname="Ashish-PC" name="com.crm.qa.testlayer.LoginPageTest" tests="3" failures="0" timestamp="2021-04-16T16:22:10 EDT" time="85.820" errors="0">
  <testcase name="TitleTest" time="24.774" classname="com.crm.qa.testlayer.LoginPageTest"/>
  <system-out/>
  <testcase name="SignUpTest" time="25.859" classname="com.crm.qa.testlayer.LoginPageTest"/>
  <system-out/>
  <testcase name="loginTest" time="35.187" classname="com.crm.qa.testlayer.LoginPageTest"/>
  <system-out/>
</testsuite> <!-- com.crm.qa.testlayer.LoginPageTest -->
